1763014005,,,/home/titor/Media/Anime/Saiki Kusuo no Psi-nan/Saiki Kusuo no Psi-nan/[DB]Saiki Kusuo no Psi-nan_-_06_(Dual Audio_10bit_BD1080p_x265).mkv,150
1763014014,,,/home/titor/Media/Anime/Saiki Kusuo no Psi-nan/Saiki Kusuo no Psi-nan/[DB]Saiki Kusuo no Psi-nan_-_07_(Dual Audio_10bit_BD1080p_x265).mkv,150
1763014024,,,/home/titor/Media/Anime/Saiki Kusuo no Psi-nan/Saiki Kusuo no Psi-nan/[DB]Saiki Kusuo no Psi-nan_-_07_(Dual Audio_10bit_BD1080p_x265).mkv,150
1763014241,,,/home/titor/Media/Anime/Saiki Kusuo no Psi-nan/Saiki Kusuo no Psi-nan/[DB]Saiki Kusuo no Psi-nan_-_07_(Dual Audio_10bit_BD1080p_x265).mkv,150
1763014356,,,/home/titor/Media/Anime/Saiki Kusuo no Psi-nan/Saiki Kusuo no Psi-nan/[DB]Saiki Kusuo no Psi-nan_-_07_(Dual Audio_10bit_BD1080p_x265).mkv,150
1763014364,,,/home/titor/Media/Anime/Saiki Kusuo no Psi-nan/Saiki Kusuo no Psi-nan/[DB]Saiki Kusuo no Psi-nan_-_07_(Dual Audio_10bit_BD1080p_x265).mkv,150
1763014366,,,/home/titor/Media/Anime/Saiki Kusuo no Psi-nan/Saiki Kusuo no Psi-nan/[DB]Saiki Kusuo no Psi-nan_-_06_(Dual Audio_10bit_BD1080p_x265).mkv,150
1763014370,,,/home/titor/Media/Anime/Saiki Kusuo no Psi-nan/Saiki Kusuo no Psi-nan/[DB]Saiki Kusuo no Psi-nan_-_07_(Dual Audio_10bit_BD1080p_x265).mkv,150
1763014531,,,/home/titor/Media/Anime/Saiki Kusuo no Psi-nan/Saiki Kusuo no Psi-nan/[DB]Saiki Kusuo no Psi-nan_-_07_(Dual Audio_10bit_BD1080p_x265).mkv,150
1763014542,,,/home/titor/Media/Anime/Saiki Kusuo no Psi-nan/Saiki Kusuo no Psi-nan/[DB]Saiki Kusuo no Psi-nan_-_06_(Dual Audio_10bit_BD1080p_x265).mkv,150
1763014544,,,/home/titor/Media/Anime/Saiki Kusuo no Psi-nan/Saiki Kusuo no Psi-nan/[DB]Saiki Kusuo no Psi-nan_-_07_(Dual Audio_10bit_BD1080p_x265).mkv,150
1763014591,,,/home/titor/Media/Anime/Saiki Kusuo no Psi-nan/Saiki Kusuo no Psi-nan/[DB]Saiki Kusuo no Psi-nan_-_07_(Dual Audio_10bit_BD1080p_x265).mkv,150
1763014638,,,/home/titor/Media/Anime/Saiki Kusuo no Psi-nan/Saiki Kusuo no Psi-nan/[DB]Saiki Kusuo no Psi-nan_-_07_(Dual Audio_10bit_BD1080p_x265).mkv,150
1763014690,,,/home/titor/Media/Anime/Saiki Kusuo no Psi-nan/Saiki Kusuo no Psi-nan/[DB]Saiki Kusuo no Psi-nan_-_07_(Dual Audio_10bit_BD1080p_x265).mkv,150
1763014706,,,/home/titor/Media/Anime/Saiki Kusuo no Psi-nan/Saiki Kusuo no Psi-nan/[DB]Saiki Kusuo no Psi-nan_-_07_(Dual Audio_10bit_BD1080p_x265).mkv,150
1763014746,,,/home/titor/Media/Anime/Saiki Kusuo no Psi-nan/Saiki Kusuo no Psi-nan/[DB]Saiki Kusuo no Psi-nan_-_08_(Dual Audio_10bit_BD1080p_x265).mkv,150
1763014747,,,/home/titor/Media/Anime/Saiki Kusuo no Psi-nan/Saiki Kusuo no Psi-nan/[DB]Saiki Kusuo no Psi-nan_-_07_(Dual Audio_10bit_BD1080p_x265).mkv,150
1763014748,,,/home/titor/Media/Anime/Saiki Kusuo no Psi-nan/Saiki Kusuo no Psi-nan/[DB]Saiki Kusuo no Psi-nan_-_08_(Dual Audio_10bit_BD1080p_x265).mkv,150
1763080988,,,/home/titor/Media/Anime/Saiki Kusuo no Psi-nan/Saiki Kusuo no Psi-nan/[DB]Saiki Kusuo no Psi-nan_-_01_(Dual Audio_10bit_BD1080p_x265).mkv,150
1763080993,,,/home/titor/Media/Anime/Saiki Kusuo no Psi-nan/Saiki Kusuo no Psi-nan/[DB]Saiki Kusuo no Psi-nan_-_08_(Dual Audio_10bit_BD1080p_x265).mkv,150
1763081983,,,/home/titor/Media/Anime/Saiki Kusuo no Psi-nan/Saiki Kusuo no Psi-nan/[DB]Saiki Kusuo no Psi-nan_-_09_(Dual Audio_10bit_BD1080p_x265).mkv,150
1763083288,,,/home/titor/Media/Anime/Saiki Kusuo no Psi-nan/Saiki Kusuo no Psi-nan/[DB]Saiki Kusuo no Psi-nan_-_10_(Dual Audio_10bit_BD1080p_x265).mkv,150
1763084595,,,/home/titor/Media/Anime/Saiki Kusuo no Psi-nan/Saiki Kusuo no Psi-nan/[DB]Saiki Kusuo no Psi-nan_-_11_(Dual Audio_10bit_BD1080p_x265).mkv,150
1763161500,,,/home/titor/Media/Movies/Fury (2014) [2160p] [4K] [BluRay] [5.1] [YTS.MX]/Fury.2014.2160p.4K.BluRay.x265.10bit.AAC5.1-[YTS.MX].mkv,143
1763167237,,,/home/titor/Media/Movies/The Hangover Part II (2011) [2160p] [4K] [WEB] [5.1] [YTS.MX]/The.Hangover.Part.II.2011.2160p.4K.WEB.x265.10bit.AAC5.1-[YTS.MX].mkv,169
1763174547,,,/home/titor/Media/Movies/Longlegs (2024) [2160p] [4K] [WEB] [5.1] [YTS.MX]/Longlegs.2024.2160p.4K.WEB.x265.10bit.AAC5.1-[YTS.MX].mkv,145
1763230584,,,/home/titor/Media/Anime/Saiki Kusuo no Psi-nan/Saiki Kusuo no Psi-nan/[DB]Saiki Kusuo no Psi-nan_-_01_(Dual Audio_10bit_BD1080p_x265).mkv,150
1763230589,,,/home/titor/Media/Anime/Saiki Kusuo no Psi-nan/Saiki Kusuo no Psi-nan/[DB]Saiki Kusuo no Psi-nan_-_11_(Dual Audio_10bit_BD1080p_x265).mkv,150
1763231834,,,/home/titor/Media/Anime/Saiki Kusuo no Psi-nan/Saiki Kusuo no Psi-nan/[DB]Saiki Kusuo no Psi-nan_-_12_(Dual Audio_10bit_BD1080p_x265).mkv,150
1763247679,29,Fall Anime 2025 in a Nutshell,https://www.youtube.com/v/v7QXLK1fkn0?version=3,91
1763262185,,,/home/titor/Media/Anime/Saiki Kusuo no Psi-nan/Saiki Kusuo no Psi-nan/[DB]Saiki Kusuo no Psi-nan_-_01_(Dual Audio_10bit_BD1080p_x265).mkv,150
1763262193,,,/home/titor/Media/Anime/Saiki Kusuo no Psi-nan/Saiki Kusuo no Psi-nan/[DB]Saiki Kusuo no Psi-nan_-_12_(Dual Audio_10bit_BD1080p_x265).mkv,150
1763263411,,,/home/titor/Media/Anime/Saiki Kusuo no Psi-nan/Saiki Kusuo no Psi-nan/[DB]Saiki Kusuo no Psi-nan_-_13_(Dual Audio_10bit_BD1080p_x265).mkv,150
1763264657,,,/home/titor/Media/Anime/Saiki Kusuo no Psi-nan/Saiki Kusuo no Psi-nan/[DB]Saiki Kusuo no Psi-nan_-_14_(Dual Audio_10bit_BD1080p_x265).mkv,150
1763324506,,,/home/titor/Media/Anime/Saiki Kusuo no Psi-nan/Saiki Kusuo no Psi-nan/[DB]Saiki Kusuo no Psi-nan_-_01_(Dual Audio_10bit_BD1080p_x265).mkv,150
1763324510,,,/home/titor/Media/Anime/Saiki Kusuo no Psi-nan/Saiki Kusuo no Psi-nan/[DB]Saiki Kusuo no Psi-nan_-_14_(Dual Audio_10bit_BD1080p_x265).mkv,150
1763325504,,,/home/titor/Media/Anime/Saiki Kusuo no Psi-nan/Saiki Kusuo no Psi-nan/[DB]Saiki Kusuo no Psi-nan_-_15_(Dual Audio_10bit_BD1080p_x265).mkv,150
1763326746,,,/home/titor/Media/Anime/Saiki Kusuo no Psi-nan/Saiki Kusuo no Psi-nan/[DB]Saiki Kusuo no Psi-nan_-_16_(Dual Audio_10bit_BD1080p_x265).mkv,150
1763328106,,,/home/titor/Media/Anime/Saiki Kusuo no Psi-nan/Saiki Kusuo no Psi-nan/[DB]Saiki Kusuo no Psi-nan_-_17_(Dual Audio_10bit_BD1080p_x265).mkv,150
1763329352,,,/home/titor/Media/Anime/Saiki Kusuo no Psi-nan/Saiki Kusuo no Psi-nan/[DB]Saiki Kusuo no Psi-nan_-_18_(Dual Audio_10bit_BD1080p_x265).mkv,150
1763330538,,,/home/titor/Media/Anime/Saiki Kusuo no Psi-nan/Saiki Kusuo no Psi-nan/[DB]Saiki Kusuo no Psi-nan_-_19_(Dual Audio_10bit_BD1080p_x265).mkv,150
1763440573,51,finally, a chair that beats the Herman Miller Aeron,https://www.youtube.com/watch?v=JyEBrqBSDn4,109
1763525392,68,I Sold My New Phone and Tried Changing the Battery of My Old Phone..,https://www.youtube.com/watch?v=yju4rAmdIkw,126
1763574728,,,/home/titor/Media/Anime/Saiki Kusuo no Psi-nan/Saiki Kusuo no Psi-nan/[DB]Saiki Kusuo no Psi-nan_-_01_(Dual Audio_10bit_BD1080p_x265).mkv,150
1763574732,,,/home/titor/Media/Anime/Saiki Kusuo no Psi-nan/Saiki Kusuo no Psi-nan/[DB]Saiki Kusuo no Psi-nan_-_19_(Dual Audio_10bit_BD1080p_x265).mkv,150
1763575329,,,/home/titor/Media/Anime/Saiki Kusuo no Psi-nan/Saiki Kusuo no Psi-nan/[DB]Saiki Kusuo no Psi-nan_-_20_(Dual Audio_10bit_BD1080p_x265).mkv,150
1763576630,,,/home/titor/Media/Anime/Saiki Kusuo no Psi-nan/Saiki Kusuo no Psi-nan/[DB]Saiki Kusuo no Psi-nan_-_21_(Dual Audio_10bit_BD1080p_x265).mkv,150
1763578281,,,/home/titor/Media/Anime/Saiki Kusuo no Psi-nan/Saiki Kusuo no Psi-nan/[DB]Saiki Kusuo no Psi-nan_-_22_(Dual Audio_10bit_BD1080p_x265).mkv,150
1763690476,,,/home/titor/Media/Anime/Saiki Kusuo no Psi-nan/Saiki Kusuo no Psi-nan/[DB]Saiki Kusuo no Psi-nan_-_01_(Dual Audio_10bit_BD1080p_x265).mkv,150
1763690479,,,/home/titor/Media/Anime/Saiki Kusuo no Psi-nan/Saiki Kusuo no Psi-nan/[DB]Saiki Kusuo no Psi-nan_-_22_(Dual Audio_10bit_BD1080p_x265).mkv,150
1763691741,,,/home/titor/Media/Anime/Saiki Kusuo no Psi-nan/Saiki Kusuo no Psi-nan/[DB]Saiki Kusuo no Psi-nan_-_23_(Dual Audio_10bit_BD1080p_x265).mkv,150
1763693043,,,/home/titor/Media/Anime/Saiki Kusuo no Psi-nan/Saiki Kusuo no Psi-nan/[DB]Saiki Kusuo no Psi-nan_-_24_(Dual Audio_10bit_BD1080p_x265).mkv,150
1763695546,,,/home/titor/Media/Anime/Saiki Kusuo no Psi-nan/Saiki Kusuo no Psi-nan/[DB]Saiki Kusuo no Psi-nan_-_01_(Dual Audio_10bit_BD1080p_x265).mkv,150
1763695549,,,/home/titor/Media/Anime/Saiki Kusuo no Psi-nan/Saiki Kusuo no Psi-nan/[DB]Saiki Kusuo no Psi-nan_-_24_(Dual Audio_10bit_BD1080p_x265).mkv,150
1763695563,,,/home/titor/Media/Anime/Saiki Kusuo no Psi-nan/Saiki Kusuo no Psi-nan 2/[DB]Saiki Kusuo no Psi-nan 2_-_01_(10bit_BD1080p_x265).mkv,143
1763696806,,,/home/titor/Media/Anime/Saiki Kusuo no Psi-nan/Saiki Kusuo no Psi-nan 2/[DB]Saiki Kusuo no Psi-nan 2_-_02_(10bit_BD1080p_x265).mkv,143
1763698125,,,/home/titor/Media/Anime/Saiki Kusuo no Psi-nan/Saiki Kusuo no Psi-nan 2/[DB]Saiki Kusuo no Psi-nan 2_-_03_(10bit_BD1080p_x265).mkv,143
1763755670,,,/home/titor/Media/Anime/Saiki Kusuo no Psi-nan/Saiki Kusuo no Psi-nan 2/[DB]Saiki Kusuo no Psi-nan 2_-_01_(10bit_BD1080p_x265).mkv,143
1763755674,,,/home/titor/Media/Anime/Saiki Kusuo no Psi-nan/Saiki Kusuo no Psi-nan 2/[DB]Saiki Kusuo no Psi-nan 2_-_03_(10bit_BD1080p_x265).mkv,143
1763756159,,,/home/titor/Media/Anime/Saiki Kusuo no Psi-nan/Saiki Kusuo no Psi-nan 2/[DB]Saiki Kusuo no Psi-nan 2_-_04_(10bit_BD1080p_x265).mkv,143
1763757402,,,/home/titor/Media/Anime/Saiki Kusuo no Psi-nan/Saiki Kusuo no Psi-nan 2/[DB]Saiki Kusuo no Psi-nan 2_-_05_(10bit_BD1080p_x265).mkv,143
1763758653,,,/home/titor/Media/Anime/Saiki Kusuo no Psi-nan/Saiki Kusuo no Psi-nan 2/[DB]Saiki Kusuo no Psi-nan 2_-_06_(10bit_BD1080p_x265).mkv,143
1763768421,,,/home/titor/Media/Anime/Saiki Kusuo no Psi-nan/Saiki Kusuo no Psi-nan 2/[DB]Saiki Kusuo no Psi-nan 2_-_01_(10bit_BD1080p_x265).mkv,143
1763768424,,,/home/titor/Media/Anime/Saiki Kusuo no Psi-nan/Saiki Kusuo no Psi-nan 2/[DB]Saiki Kusuo no Psi-nan 2_-_06_(10bit_BD1080p_x265).mkv,143
1763769507,,,/home/titor/Media/Anime/Saiki Kusuo no Psi-nan/Saiki Kusuo no Psi-nan 2/[DB]Saiki Kusuo no Psi-nan 2_-_07_(10bit_BD1080p_x265).mkv,143
1763787674,,,/home/titor/Media/Anime/Saiki Kusuo no Psi-nan/Saiki Kusuo no Psi-nan 2/[DB]Saiki Kusuo no Psi-nan 2_-_01_(10bit_BD1080p_x265).mkv,143
1763787676,,,/home/titor/Media/Anime/Saiki Kusuo no Psi-nan/Saiki Kusuo no Psi-nan 2/[DB]Saiki Kusuo no Psi-nan 2_-_07_(10bit_BD1080p_x265).mkv,143
1763788198,,,/home/titor/Media/Anime/Saiki Kusuo no Psi-nan/Saiki Kusuo no Psi-nan 2/[DB]Saiki Kusuo no Psi-nan 2_-_08_(10bit_BD1080p_x265).mkv,143
1763789436,,,/home/titor/Media/Anime/Saiki Kusuo no Psi-nan/Saiki Kusuo no Psi-nan 2/[DB]Saiki Kusuo no Psi-nan 2_-_09_(10bit_BD1080p_x265).mkv,143
1763791455,,,/home/titor/Media/Anime/Saiki Kusuo no Psi-nan/Saiki Kusuo no Psi-nan 2/[DB]Saiki Kusuo no Psi-nan 2_-_10_(10bit_BD1080p_x265).mkv,143
